<?xml version="1.0" encoding="UTF-8"?>
<testsuite xmlns:xsi="http://www.w3.org/2001/XMLSchema-instance" xsi:noNamespaceSchemaLocation="https://maven.apache.org/surefire/maven-surefire-plugin/xsd/surefire-test-report.xsd" name="mx.uacm.tarea.daos.PeliculaDAOTest" time="4.314" tests="4" errors="0" skipped="0" failures="0">
  <properties>
[...]
</properties>
  <testcase name="peliculasPorNombreTest" classname="mx.uacm.tarea.daos.PeliculaDAOTest" time="0.452"/>
  <testcase name="peliculasPorFechaTest" classname="mx.uacm.tarea.daos.PeliculaDAOTest" time="0.02"/>
  <testcase name="buscarPorId" classname="mx.uacm.tarea.daos.PeliculaDAOTest" time="0.047"/>
  <testcase name="peliculasSinGeneroTest" classname="mx.uacm.tarea.daos.PeliculaDAOTest" time="0.016"/>
</testsuite>